<?xml version="1.0" encoding="UTF-8"?>
<!-- Generated by org.testng.reporters.JUnitXMLReporter -->
<testsuite hostname="SACHU-PC" name="Default test" tests="31" failures="0" timestamp="4 Jun 2019 10:28:12 GMT" time="33.709" errors="0">
  <testcase name="TestTitle" time="0.152" classname="com.AdminLTE_Test.LoginTest"/>
  <testcase name="TestCheckTitle" time="0.173" classname="com.AdminLTE_Test.LoginTest"/>
  <testcase name="LoginLogoDisplayed" time="0.86" classname="com.AdminLTE_Test.LoginTest"/>
  <testcase name="LoginLogotext" time="0.196" classname="com.AdminLTE_Test.LoginTest"/>
  <testcase name="LoginBoxMsg" time="0.051" classname="com.AdminLTE_Test.LoginTest"/>
  <testcase name="EmailPlaceholderMsg" time="0.082" classname="com.AdminLTE_Test.LoginTest"/>
  <testcase name="PasswordPlaceholderMsg" time="0.045" classname="com.AdminLTE_Test.LoginTest"/>
  <testcase name="BlankLogin" time="3.512" classname="com.AdminLTE_Test.LoginTest"/>
  <testcase name="InvalidLogin" time="0.505" classname="com.AdminLTE_Test.LoginTest"/>
  <testcase name="EmailErrorMsg" time="0.412" classname="com.AdminLTE_Test.LoginTest"/>
  <testcase name="PasswordErrorMsg" time="0.573" classname="com.AdminLTE_Test.LoginTest"/>
  <testcase name="test_Background_Color" time="0.154" classname="com.AdminLTE_Test.LoginTest"/>
  <testcase name="BlankEmailInvalidPassword" time="0.306" classname="com.AdminLTE_Test.LoginTest"/>
  <testcase name="InvalidEmailBlankPassword" time="0.287" classname="com.AdminLTE_Test.LoginTest"/>
  <testcase name="ValidEmailInvalidPassword" time="0.298" classname="com.AdminLTE_Test.LoginTest"/>
  <testcase name="InvalidEmailValidPassword" time="0.342" classname="com.AdminLTE_Test.LoginTest"/>
  <testcase name="testValidEmailValidPassword" time="2.023" classname="com.AdminLTE_Test.LoginTest"/>
  <testcase name="getCurrentTitle" time="0.012" classname="com.AdminLTE_Test.LoginTest"/>
  <testcase name="copyrightLogo" time="0.107" classname="com.AdminLTE_Test.LoginTest"/>
  <testcase name="CheckUserPanel" time="0.058" classname="com.AdminLTE_Test.LoginTest"/>
  <testcase name="test_Background_Color_User_Registration" time="0.192" classname="com.AdminLTE_Test.LoginTest"/>
  <testcase name="test_Background_Color_New_Orders" time="0.082" classname="com.AdminLTE_Test.LoginTest"/>
  <testcase name="test_Background_Color_BounceRate" time="0.059" classname="com.AdminLTE_Test.LoginTest"/>
  <testcase name="test_Background_Color_UniqueVisitor" time="0.059" classname="com.AdminLTE_Test.LoginTest"/>
  <testcase name="test_usersButton" time="0.424" classname="com.AdminLTE_Test.LoginTest"/>
  <testcase name="printUsersTable" time="21.101" classname="com.AdminLTE_Test.LoginTest"/>
  <testcase name="Chick_AddUser_Button" time="0.218" classname="com.AdminLTE_Test.LoginTest"/>
  <testcase name="check_AddUser_Lable" time="0.057" classname="com.AdminLTE_Test.LoginTest"/>
  <testcase name="horizontal_Form_Lable" time="0.043" classname="com.AdminLTE_Test.LoginTest"/>
  <testcase name="Username_Placeholder" time="0.032" classname="com.AdminLTE_Test.LoginTest"/>
  <testcase name="addUser_Form_Fill" time="0.868" classname="com.AdminLTE_Test.LoginTest"/>
</testsuite> <!-- Default test -->
