<?xml version="1.0" encoding="UTF-8"?>
<!-- Generated by org.testng.reporters.JUnitXMLReporter -->
<testsuite hostname="SACHU-PC" name="AdminLTE_Test" tests="22" failures="1" timestamp="3 Jun 2019 07:30:05 GMT" time="6.469" errors="0">
  <testcase name="TestTitle" time="0.036" classname="com.AdminLTE_Test.LoginTest"/>
  <testcase name="TestCheckTitle" time="0.013" classname="com.AdminLTE_Test.LoginTest"/>
  <testcase name="LoginLogoDisplayed" time="0.057" classname="com.AdminLTE_Test.LoginTest"/>
  <testcase name="LoginLogotext" time="0.063" classname="com.AdminLTE_Test.LoginTest"/>
  <testcase name="LoginBoxMsg" time="0.062" classname="com.AdminLTE_Test.LoginTest">
    <failure type="java.lang.AssertionError" message="expected [Sign in to start your session sachin] but found [Sign in to start your session]">
      <![CDATA[java.lang.AssertionError: expected [Sign in to start your session sachin] but found [Sign in to start your session]
	at com.AdminLTE_Test.LoginTest.LoginBoxMsg(LoginTest.java:84)
... Removed 29 stack frames]]>
    </failure>
  </testcase> <!-- LoginBoxMsg -->
  <testcase name="EmailPlaceholderMsg" time="0.063" classname="com.AdminLTE_Test.LoginTest"/>
  <testcase name="PasswordPlaceholderMsg" time="0.045" classname="com.AdminLTE_Test.LoginTest"/>
  <testcase name="BlankLogin" time="2.312" classname="com.AdminLTE_Test.LoginTest"/>
  <testcase name="InvalidLogin" time="0.267" classname="com.AdminLTE_Test.LoginTest"/>
  <testcase name="EmailErrorMsg" time="0.299" classname="com.AdminLTE_Test.LoginTest"/>
  <testcase name="PasswordErrorMsg" time="0.338" classname="com.AdminLTE_Test.LoginTest"/>
  <testcase name="test_Background_Color" time="0.073" classname="com.AdminLTE_Test.LoginTest"/>
  <testcase name="BlankEmailInvalidPassword" time="0.308" classname="com.AdminLTE_Test.LoginTest"/>
  <testcase name="InvalidEmailBlankPassword" time="0.299" classname="com.AdminLTE_Test.LoginTest"/>
  <testcase name="ValidEmailInvalidPassword" time="0.333" classname="com.AdminLTE_Test.LoginTest"/>
  <testcase name="InvalidEmailValidPassword" time="0.323" classname="com.AdminLTE_Test.LoginTest"/>
  <testcase name="testValidEmailValidPassword" time="1.256" classname="com.AdminLTE_Test.LoginTest"/>
  <testcase name="getCurrentTitle" time="0.018" classname="com.AdminLTE_Test.LoginTest"/>
  <testcase name="copyrightLogo" time="0.048" classname="com.AdminLTE_Test.LoginTest"/>
  <testcase name="CheckUserPanel" time="0.042" classname="com.AdminLTE_Test.LoginTest"/>
  <testcase name="test_Background_Color_User_Registration" time="0.094" classname="com.AdminLTE_Test.LoginTest"/>
  <testcase name="test_Background_Color_New_Orders" time="0.07" classname="com.AdminLTE_Test.LoginTest"/>
</testsuite> <!-- AdminLTE_Test -->
